# JRE version: OpenJDK Runtime Environment JBR-11.0.11.9-1504.16-jcef (11.0.11+9) (build 11.0.11+9-b1504.16)
# Java VM: OpenJDK 64-Bit Server VM JBR-11.0.11.9-1504.16-jcef (11.0.11+9-b1504.16, mixed mode, tiered, compressed oops, g1 gc, windows-amd64)
Heap:
 garbage-first heap   total 262144K, used 50588K [0x0000000701800000, 0x0000000800000000)
  region size 1024K, 27 young (27648K), 7 survivors (7168K)
 Metaspace       used 45897K, capacity 46412K, committed 46592K, reserved 1089536K
  class space    used 5416K, capacity 5612K, committed 5632K, reserved 1048576K
GC Heap History (10 events):
Event: 0.474 GC heap before
{Heap before GC invocations=0 (full 0):
 garbage-first heap   total 262144K, used 27648K [0x0000000701800000, 0x0000000800000000)
  region size 1024K, 24 young (24576K), 0 survivors (0K)
 Metaspace       used 12336K, capacity 12469K, committed 12800K, reserved 1060864K
  class space    used 1157K, capacity 1174K, committed 1280K, reserved 1048576K
}
Event: 0.477 GC heap after
{Heap after GC invocations=1 (full 0):
 garbage-first heap   total 262144K, used 5692K [0x0000000701800000, 0x0000000800000000)
  region size 1024K, 3 young (3072K), 3 survivors (3072K)
 Metaspace       used 12336K, capacity 12469K, committed 12800K, reserved 1060864K
  class space    used 1157K, capacity 1174K, committed 1280K, reserved 1048576K
}
Event: 0.971 GC heap before
{Heap before GC invocations=1 (full 0):
 garbage-first heap   total 262144K, used 42556K [0x0000000701800000, 0x0000000800000000)
  region size 1024K, 40 young (40960K), 3 survivors (3072K)
 Metaspace       used 20971K, capacity 21148K, committed 21248K, reserved 1069056K
  class space    used 2215K, capacity 2278K, committed 2304K, reserved 1048576K
}
Event: 0.986 GC heap after
{Heap after GC invocations=2 (full 0):
 garbage-first heap   total 262144K, used 9601K [0x0000000701800000, 0x0000000800000000)
  region size 1024K, 7 young (7168K), 7 survivors (7168K)
 Metaspace       used 20971K, capacity 21148K, committed 21248K, reserved 1069056K
  class space    used 2215K, capacity 2278K, committed 2304K, reserved 1048576K
}
Event: 1.718 GC heap before
{Heap before GC invocations=3 (full 0):
 garbage-first heap   total 262144K, used 68993K [0x0000000701800000, 0x0000000800000000)
  region size 1024K, 57 young (58368K), 7 survivors (7168K)
 Metaspace       used 32765K, capacity 33198K, committed 33536K, reserved 1079296K
  class space    used 4082K, capacity 4242K, committed 4352K, reserved 1048576K
}
Event: 1.728 GC heap after
{Heap after GC invocations=4 (full 0):
 garbage-first heap   total 262144K, used 22933K [0x0000000701800000, 0x0000000800000000)
  region size 1024K, 8 young (8192K), 8 survivors (8192K)
 Metaspace       used 32765K, capacity 33198K, committed 33536K, reserved 1079296K
  class space    used 4082K, capacity 4242K, committed 4352K, reserved 1048576K
}
Event: 1.866 GC heap before
{Heap before GC invocations=4 (full 0):
 garbage-first heap   total 262144K, used 33173K [0x0000000701800000, 0x0000000800000000)
  region size 1024K, 19 young (19456K), 8 survivors (8192K)
 Metaspace       used 35077K, capacity 35449K, committed 35584K, reserved 1081344K
  class space    used 4331K, capacity 4502K, committed 4608K, reserved 1048576K
}
Event: 1.877 GC heap after
{Heap after GC invocations=5 (full 0):
 garbage-first heap   total 262144K, used 24624K [0x0000000701800000, 0x0000000800000000)
  region size 1024K, 7 young (7168K), 7 survivors (7168K)
 Metaspace       used 35077K, capacity 35449K, committed 35584K, reserved 1081344K
  class space    used 4331K, capacity 4502K, committed 4608K, reserved 1048576K
}
Event: 2.570 GC heap before
{Heap before GC invocations=6 (full 0):
 garbage-first heap   total 262144K, used 75824K [0x0000000701800000, 0x0000000800000000)
  region size 1024K, 57 young (58368K), 7 survivors (7168K)
 Metaspace       used 45313K, capacity 45772K, committed 46080K, reserved 1089536K
  class space    used 5378K, capacity 5548K, committed 5632K, reserved 1048576K
}
Event: 2.579 GC heap after
{Heap after GC invocations=7 (full 0):
 garbage-first heap   total 262144K, used 30108K [0x0000000701800000, 0x0000000800000000)
  region size 1024K, 7 young (7168K), 7 survivors (7168K)
 Metaspace       used 45313K, capacity 45772K, committed 46080K, reserved 1089536K
  class space    used 5378K, capacity 5548K, committed 5632K, reserved 1048576K
}

