# JRE version: OpenJDK Runtime Environment JBR-11.0.11.9-1504.16-jcef (11.0.11+9) (build 11.0.11+9-b1504.16)
# Java VM: OpenJDK 64-Bit Server VM JBR-11.0.11.9-1504.16-jcef (11.0.11+9-b1504.16, mixed mode, tiered, compressed oops, g1 gc, windows-amd64)
Heap:
 garbage-first heap   total 262144K, used 139809K [0x0000000080000000, 0x0000000100000000)
  region size 1024K, 67 young (68608K), 15 survivors (15360K)
 Metaspace       used 112860K, capacity 116418K, committed 116736K, reserved 1150976K
  class space    used 14428K, capacity 15759K, committed 15872K, reserved 1048576K
GC Heap History (20 events):
Event: 2.186 GC heap before
{Heap before GC invocations=3 (full 0):
 garbage-first heap   total 262144K, used 43437K [0x0000000080000000, 0x0000000100000000)
  region size 1024K, 38 young (38912K), 11 survivors (11264K)
 Metaspace       used 23766K, capacity 24294K, committed 24576K, reserved 1071104K
  class space    used 3031K, capacity 3224K, committed 3328K, reserved 1048576K
}
Event: 2.194 GC heap after
{Heap after GC invocations=4 (full 0):
 garbage-first heap   total 262144K, used 17569K [0x0000000080000000, 0x0000000100000000)
  region size 1024K, 2 young (2048K), 2 survivors (2048K)
 Metaspace       used 23766K, capacity 24294K, committed 24576K, reserved 1071104K
  class space    used 3031K, capacity 3224K, committed 3328K, reserved 1048576K
}
Event: 3.055 GC heap before
{Heap before GC invocations=4 (full 0):
 garbage-first heap   total 262144K, used 88225K [0x0000000080000000, 0x0000000100000000)
  region size 1024K, 72 young (73728K), 2 survivors (2048K)
 Metaspace       used 35101K, capacity 35829K, committed 35840K, reserved 1081344K
  class space    used 4571K, capacity 4858K, committed 4864K, reserved 1048576K
}
Event: 3.063 GC heap after
{Heap after GC invocations=5 (full 0):
 garbage-first heap   total 262144K, used 21412K [0x0000000080000000, 0x0000000100000000)
  region size 1024K, 6 young (6144K), 6 survivors (6144K)
 Metaspace       used 35101K, capacity 35829K, committed 35840K, reserved 1081344K
  class space    used 4571K, capacity 4858K, committed 4864K, reserved 1048576K
}
Event: 4.276 GC heap before
{Heap before GC invocations=6 (full 0):
 garbage-first heap   total 262144K, used 139172K [0x0000000080000000, 0x0000000100000000)
  region size 1024K, 118 young (120832K), 6 survivors (6144K)
 Metaspace       used 44342K, capacity 45381K, committed 45568K, reserved 1089536K
  class space    used 5699K, capacity 6078K, committed 6144K, reserved 1048576K
}
Event: 4.284 GC heap after
{Heap after GC invocations=7 (full 0):
 garbage-first heap   total 262144K, used 27211K [0x0000000080000000, 0x0000000100000000)
  region size 1024K, 11 young (11264K), 11 survivors (11264K)
 Metaspace       used 44342K, capacity 45381K, committed 45568K, reserved 1089536K
  class space    used 5699K, capacity 6078K, committed 6144K, reserved 1048576K
}
Event: 5.693 GC heap before
{Heap before GC invocations=7 (full 0):
 garbage-first heap   total 262144K, used 175691K [0x0000000080000000, 0x0000000100000000)
  region size 1024K, 150 young (153600K), 11 survivors (11264K)
 Metaspace       used 58681K, capacity 60068K, committed 60160K, reserved 1101824K
  class space    used 7449K, capacity 7975K, committed 8064K, reserved 1048576K
}
Event: 5.720 GC heap after
{Heap after GC invocations=8 (full 0):
 garbage-first heap   total 262144K, used 47983K [0x0000000080000000, 0x0000000100000000)
  region size 1024K, 20 young (20480K), 20 survivors (20480K)
 Metaspace       used 58681K, capacity 60068K, committed 60160K, reserved 1101824K
  class space    used 7449K, capacity 7975K, committed 8064K, reserved 1048576K
}
Event: 7.056 GC heap before
{Heap before GC invocations=9 (full 0):
 garbage-first heap   total 262144K, used 184175K [0x0000000080000000, 0x0000000100000000)
  region size 1024K, 153 young (156672K), 20 survivors (20480K)
 Metaspace       used 71288K, capacity 72921K, committed 73216K, reserved 1112064K
  class space    used 9339K, capacity 9937K, committed 9984K, reserved 1048576K
}
Event: 7.074 GC heap after
{Heap after GC invocations=10 (full 0):
 garbage-first heap   total 262144K, used 56440K [0x0000000080000000, 0x0000000100000000)
  region size 1024K, 10 young (10240K), 10 survivors (10240K)
 Metaspace       used 71288K, capacity 72921K, committed 73216K, reserved 1112064K
  class space    used 9339K, capacity 9937K, committed 9984K, reserved 1048576K
}
Event: 8.597 GC heap before
{Heap before GC invocations=10 (full 0):
 garbage-first heap   total 262144K, used 203896K [0x0000000080000000, 0x0000000100000000)
  region size 1024K, 146 young (149504K), 10 survivors (10240K)
 Metaspace       used 81360K, capacity 83378K, committed 83584K, reserved 1122304K
  class space    used 10579K, capacity 11333K, committed 11392K, reserved 1048576K
}
Event: 8.609 GC heap after
{Heap after GC invocations=11 (full 0):
 garbage-first heap   total 262144K, used 62915K [0x0000000080000000, 0x0000000100000000)
  region size 1024K, 16 young (16384K), 16 survivors (16384K)
 Metaspace       used 81360K, capacity 83378K, committed 83584K, reserved 1122304K
  class space    used 10579K, capacity 11333K, committed 11392K, reserved 1048576K
}
Event: 10.570 GC heap before
{Heap before GC invocations=11 (full 0):
 garbage-first heap   total 262144K, used 200131K [0x0000000080000000, 0x0000000100000000)
  region size 1024K, 151 young (154624K), 16 survivors (16384K)
 Metaspace       used 89773K, capacity 91863K, committed 92160K, reserved 1128448K
  class space    used 11410K, capacity 12168K, committed 12288K, reserved 1048576K
}
Event: 10.585 GC heap after
{Heap after GC invocations=12 (full 0):
 garbage-first heap   total 262144K, used 71366K [0x0000000080000000, 0x0000000100000000)
  region size 1024K, 16 young (16384K), 16 survivors (16384K)
 Metaspace       used 89773K, capacity 91863K, committed 92160K, reserved 1128448K
  class space    used 11410K, capacity 12168K, committed 12288K, reserved 1048576K
}
Event: 41.544 GC heap before
{Heap before GC invocations=12 (full 0):
 garbage-first heap   total 262144K, used 155334K [0x0000000080000000, 0x0000000100000000)
  region size 1024K, 100 young (102400K), 16 survivors (16384K)
 Metaspace       used 97996K, capacity 100460K, committed 100608K, reserved 1136640K
  class space    used 12364K, capacity 13221K, committed 13312K, reserved 1048576K
}
Event: 41.562 GC heap after
{Heap after GC invocations=13 (full 0):
 garbage-first heap   total 262144K, used 74307K [0x0000000080000000, 0x0000000100000000)
  region size 1024K, 12 young (12288K), 12 survivors (12288K)
 Metaspace       used 97996K, capacity 100460K, committed 100608K, reserved 1136640K
  class space    used 12364K, capacity 13221K, committed 13312K, reserved 1048576K
}
Event: 93.497 GC heap before
{Heap before GC invocations=14 (full 0):
 garbage-first heap   total 262144K, used 207427K [0x0000000080000000, 0x0000000100000000)
  region size 1024K, 143 young (146432K), 12 survivors (12288K)
 Metaspace       used 99296K, capacity 101713K, committed 101888K, reserved 1138688K
  class space    used 12374K, capacity 13234K, committed 13312K, reserved 1048576K
}
Event: 93.517 GC heap after
{Heap after GC invocations=15 (full 0):
 garbage-first heap   total 262144K, used 79337K [0x0000000080000000, 0x0000000100000000)
  region size 1024K, 11 young (11264K), 11 survivors (11264K)
 Metaspace       used 99296K, capacity 101713K, committed 101888K, reserved 1138688K
  class space    used 12374K, capacity 13234K, committed 13312K, reserved 1048576K
}
Event: 128.003 GC heap before
{Heap before GC invocations=15 (full 0):
 garbage-first heap   total 262144K, used 212457K [0x0000000080000000, 0x0000000100000000)
  region size 1024K, 140 young (143360K), 11 survivors (11264K)
 Metaspace       used 109719K, capacity 113043K, committed 113408K, reserved 1146880K
  class space    used 14006K, capacity 15240K, committed 15360K, reserved 1048576K
}
Event: 128.017 GC heap after
{Heap after GC invocations=16 (full 0):
 garbage-first heap   total 262144K, used 88609K [0x0000000080000000, 0x0000000100000000)
  region size 1024K, 15 young (15360K), 15 survivors (15360K)
 Metaspace       used 109719K, capacity 113043K, committed 113408K, reserved 1146880K
  class space    used 14006K, capacity 15240K, committed 15360K, reserved 1048576K
}

